

*******************************************************************************
Wed Jul  6 15:24:37 2022


FIT:    data read from 'latency.data' using 1:2
        format = x:z
        #datapoints = 29800
        residuals are weighted equally (unit weight)

function used for fitting: f(x)
	f(x)=m*x+b
fitted parameters initialized with current variable values

iter      chisq       delta/lim  lambda   m             b            
   0 8.8189430380e+12   0.00e+00  1.22e+04    1.000000e+00   1.000000e+00
   6 7.5059901799e+04  -4.69e-07  1.22e-02   -3.251110e-05   3.684706e+00

After 6 iterations the fit converged.
final sum of squares of residuals : 75059.9
rel. change during last iteration : -4.68915e-12

degrees of freedom    (FIT_NDF)                        : 29798
rms of residuals      (FIT_STDFIT) = sqrt(WSSR/ndf)    : 1.58712
variance of residuals (reduced chisquare) = WSSR/ndf   : 2.51896

Final set of parameters            Asymptotic Standard Error
=======================            ==========================
m               = -3.25111e-05     +/- 1.069e-06    (3.287%)
b               = 3.68471          +/- 0.01839      (0.499%)

correlation matrix of the fit parameters:
                m      b      
m               1.000 
b              -0.866  1.000 
