

*******************************************************************************
Wed Jul  6 16:02:24 2022


FIT:    data read from 'latency.data' using 1:2
        format = x:z
        #datapoints = 712259
        residuals are weighted equally (unit weight)

function used for fitting: f(x)
	f(x)=m*x+b
fitted parameters initialized with current variable values

iter      chisq       delta/lim  lambda   m             b            
   0 1.2039846245e+17   0.00e+00  2.91e+05    1.000000e+00   1.000000e+00
   6 9.1977590973e+07  -7.82e-02  2.91e-01    2.249489e-04  -1.249078e+01

After 6 iterations the fit converged.
final sum of squares of residuals : 9.19776e+07
rel. change during last iteration : -7.82097e-07

degrees of freedom    (FIT_NDF)                        : 712257
rms of residuals      (FIT_STDFIT) = sqrt(WSSR/ndf)    : 11.3638
variance of residuals (reduced chisquare) = WSSR/ndf   : 129.135

Final set of parameters            Asymptotic Standard Error
=======================            ==========================
m               = 0.000224949      +/- 6.549e-08    (0.02911%)
b               = -12.4908         +/- 0.02693      (0.2156%)

correlation matrix of the fit parameters:
                m      b      
m               1.000 
b              -0.866  1.000 
