

*******************************************************************************
Fri Jul  1 14:10:52 2022


FIT:    data read from 'latency.data' using 1:2
        format = x:z
        #datapoints = 12100
        residuals are weighted equally (unit weight)

function used for fitting: f(x)
	f(x)=m*x+b
fitted parameters initialized with current variable values

iter      chisq       delta/lim  lambda   m             b            
   0 5.8999319663e+11   0.00e+00  4.94e+03    1.000000e+00   1.000000e+00
   6 3.9386362878e+04  -7.83e-09  4.94e-03   -5.556910e-05   4.550049e+00

After 6 iterations the fit converged.
final sum of squares of residuals : 39386.4
rel. change during last iteration : -7.83268e-14

degrees of freedom    (FIT_NDF)                        : 12098
rms of residuals      (FIT_STDFIT) = sqrt(WSSR/ndf)    : 1.80433
variance of residuals (reduced chisquare) = WSSR/ndf   : 3.25561

Final set of parameters            Asymptotic Standard Error
=======================            ==========================
m               = -5.55691e-05     +/- 4.696e-06    (8.451%)
b               = 4.55005          +/- 0.0328       (0.721%)

correlation matrix of the fit parameters:
                m      b      
m               1.000 
b              -0.866  1.000 
