

*******************************************************************************
Fri Jul  8 12:59:53 2022


FIT:    data read from 'latency.data' using 1:2
        format = x:z
        #datapoints = 179950
        residuals are weighted equally (unit weight)

function used for fitting: f(x)
	f(x)=m*x+b
fitted parameters initialized with current variable values

iter      chisq       delta/lim  lambda   m             b            
   0 1.9422991043e+15   0.00e+00  7.35e+04    1.000000e+00   1.000000e+00
   6 5.6326969860e+05  -3.95e-04  7.35e-02    1.113130e-06   2.878576e+00

After 6 iterations the fit converged.
final sum of squares of residuals : 563270
rel. change during last iteration : -3.94938e-09

degrees of freedom    (FIT_NDF)                        : 179948
rms of residuals      (FIT_STDFIT) = sqrt(WSSR/ndf)    : 1.76923
variance of residuals (reduced chisquare) = WSSR/ndf   : 3.13018

Final set of parameters            Asymptotic Standard Error
=======================            ==========================
m               = 1.11313e-06      +/- 8.029e-08    (7.213%)
b               = 2.87858          +/- 0.008341     (0.2898%)

correlation matrix of the fit parameters:
                m      b      
m               1.000 
b              -0.866  1.000 
