

*******************************************************************************
Wed Jul  6 16:42:11 2022


FIT:    data read from 'latency.data' using 1:2
        format = x:z
        #datapoints = 830709
        residuals are weighted equally (unit weight)

function used for fitting: f(x)
	f(x)=m*x+b
fitted parameters initialized with current variable values

iter      chisq       delta/lim  lambda   m             b            
   0 1.9106355048e+17   0.00e+00  3.39e+05    1.000000e+00   1.000000e+00
   6 5.5244991630e+08  -2.24e-02  3.39e-01    3.109169e-05   1.366160e+01

After 6 iterations the fit converged.
final sum of squares of residuals : 5.5245e+08
rel. change during last iteration : -2.23978e-07

degrees of freedom    (FIT_NDF)                        : 830707
rms of residuals      (FIT_STDFIT) = sqrt(WSSR/ndf)    : 25.7883
variance of residuals (reduced chisquare) = WSSR/ndf   : 665.036

Final set of parameters            Asymptotic Standard Error
=======================            ==========================
m               = 3.10917e-05      +/- 1.18e-07     (0.3795%)
b               = 13.6616          +/- 0.05659      (0.4142%)

correlation matrix of the fit parameters:
                m      b      
m               1.000 
b              -0.866  1.000 
