

*******************************************************************************
Wed Jul  6 16:34:32 2022


FIT:    data read from 'latency.data' using 1:2
        format = x:z
        #datapoints = 598670
        residuals are weighted equally (unit weight)

function used for fitting: f(x)
	f(x)=m*x+b
fitted parameters initialized with current variable values

iter      chisq       delta/lim  lambda   m             b            
   0 7.1516041970e+16   0.00e+00  2.44e+05    1.000000e+00   1.000000e+00
   6 2.5801392866e+08  -1.82e-03  2.44e-01    2.954493e-05   6.060033e+00

After 6 iterations the fit converged.
final sum of squares of residuals : 2.58014e+08
rel. change during last iteration : -1.81673e-08

degrees of freedom    (FIT_NDF)                        : 598668
rms of residuals      (FIT_STDFIT) = sqrt(WSSR/ndf)    : 20.7601
variance of residuals (reduced chisquare) = WSSR/ndf   : 430.98

Final set of parameters            Asymptotic Standard Error
=======================            ==========================
m               = 2.95449e-05      +/- 1.553e-07    (0.5255%)
b               = 6.06003          +/- 0.05366      (0.8855%)

correlation matrix of the fit parameters:
                m      b      
m               1.000 
b              -0.866  1.000 
